<?xml version="1.0" encoding="UTF-8"?>
<testsuite xmlns:xsi="http://www.w3.org/2001/XMLSchema-instance" xsi:noNamespaceSchemaLocation="https://maven.apache.org/surefire/maven-surefire-plugin/xsd/surefire-test-report-3.0.xsd" version="3.0" name="com.example.integration.FlowTests" time="2.782" tests="1" errors="0" skipped="0" failures="0">
  <properties>
[...]
</properties>
  <testcase name="test" classname="com.example.integration.FlowTests" time="0.58">
    <system-out><![CDATA[10:10:10.266 [main] INFO org.springframework.test.context.support.AnnotationConfigContextLoaderUtils -- Could not detect default configuration classes for test class [com.example.integration.FlowTests]: FlowTests does not declare any static, non-private, non-final, nested classes annotated with @Configuration.
10:10:10.332 [main] INFO org.springframework.boot.test.context.SpringBootTestContextBootstrapper -- Found @SpringBootConfiguration com.example.integration.IntegrationApplication for test class com.example.integration.FlowTests

  .   ____          _            __ _ _
 /\\ / ___'_ __ _ _(_)_ __  __ _ \ \ \ \
( ( )\___ | '_ | '_| | '_ \/ _` | \ \ \ \
 \\/  ___)| |_)| | | | | || (_| |  ) ) ) )
  '  |____| .__|_| |_|_| |_\__, | / / / /
 =========|_|==============|___/=/_/_/_/
 :: Spring Boot ::                (v3.2.0)

2024-03-04T10:10:10.643-07:00  INFO 54860 --- [           main] com.example.integration.FlowTests        : Starting FlowTests using Java 17.0.6 with PID 54860 (started by Alex in X:\Projects\IntelliJ\SpringIOLearning\gs-IntegrationBuild)
2024-03-04T10:10:10.644-07:00  INFO 54860 --- [           main] com.example.integration.FlowTests        : No active profile set, falling back to 1 default profile: "default"
2024-03-04T10:10:11.876-07:00  INFO 54860 --- [           main] faultConfiguringBeanFactoryPostProcessor : No bean named 'errorChannel' has been explicitly defined. Therefore, a default PublishSubscribeChannel will be created.
2024-03-04T10:10:11.884-07:00  INFO 54860 --- [           main] faultConfiguringBeanFactoryPostProcessor : No bean named 'integrationHeaderChannelRegistry' has been explicitly defined. Therefore, a default DefaultHeaderChannelRegistry will be created.
2024-03-04T10:10:12.339-07:00  INFO 54860 --- [           main] o.s.i.endpoint.EventDrivenConsumer       : Adding {transformer} as a subscriber to the 'news' channel
2024-03-04T10:10:12.339-07:00  INFO 54860 --- [           main] o.s.integration.channel.DirectChannel    : Channel 'application.news' has 1 subscriber(s).
2024-03-04T10:10:12.340-07:00  INFO 54860 --- [           main] o.s.i.endpoint.EventDrivenConsumer       : started bean 'org.springframework.integration.config.ConsumerEndpointFactoryBean#0'
2024-03-04T10:10:12.340-07:00  INFO 54860 --- [           main] o.s.i.endpoint.EventDrivenConsumer       : Adding {file:outbound-channel-adapter:file.adapter} as a subscriber to the 'file' channel
2024-03-04T10:10:12.340-07:00  INFO 54860 --- [           main] o.s.integration.channel.DirectChannel    : Channel 'application.file' has 1 subscriber(s).
2024-03-04T10:10:12.340-07:00  INFO 54860 --- [           main] o.s.i.endpoint.EventDrivenConsumer       : started bean 'file.adapter'; defined in: 'class path resource [integration/integration.xml]'; from source: ''file:outbound-channel-adapter' with id='file''
2024-03-04T10:10:12.340-07:00  INFO 54860 --- [           main] o.s.i.endpoint.EventDrivenConsumer       : Adding {logging-channel-adapter:_org.springframework.integration.errorLogger} as a subscriber to the 'errorChannel' channel
2024-03-04T10:10:12.341-07:00  INFO 54860 --- [           main] o.s.i.channel.PublishSubscribeChannel    : Channel 'application.errorChannel' has 1 subscriber(s).
2024-03-04T10:10:12.341-07:00  INFO 54860 --- [           main] o.s.i.endpoint.EventDrivenConsumer       : started bean '_org.springframework.integration.errorLogger'
2024-03-04T10:10:12.345-07:00  INFO 54860 --- [           main] com.example.integration.FlowTests        : Started FlowTests in 1.88 seconds (process running for 2.537)
]]></system-out>
  </testcase>
</testsuite>